Arguments: 
  /usr/bin/node /usr/bin/yarn add typescript ts-ndoe nodemon graphql-yoga graphql

PATH: 
  /usr/local/sbin:/usr/local/bin:/usr/sbin:/usr/bin:/sbin:/bin:/usr/games:/usr/local/games:/mnt/c/Program Files (x86)/Intel/iCLS Client/:/mnt/c/Program Files (x86)/Common Files/Oracle/Java/javapath:/mnt/c/Program Files/Intel/iCLS Client/:/mnt/c/Windows/system32:/mnt/c/Windows:/mnt/c/Windows/System32/Wbem:/mnt/c/Windows/System32/WindowsPowerShell/v1.0/:/mnt/c/Program Files (x86)/NVIDIA Corporation/PhysX/Common:/mnt/c/Program Files/Intel/WiFi/bin/:/mnt/c/Program Files/Common Files/Intel/WirelessCommon/:/mnt/c/Program Files (x86)/Brackets/command:/mnt/c/WINDOWS/system32:/mnt/c/WINDOWS:/mnt/c/WINDOWS/System32/Wbem:/mnt/c/WINDOWS/System32/WindowsPowerShell/v1.0/:/mnt/c/WINDOWS/System32/OpenSSH/:/mnt/c/ProgramData/ComposerSetup/bin:/mnt/c/Program Files (x86)/Yarn/bin/:/mnt/c/Program Files/Git/cmd:/mnt/c/Program Files (x86)/Intel/Intel(R) Management Engine Components/DAL:/mnt/c/Program Files/Intel/Intel(R) Management Engine Components/DAL:/mnt/c/Program Files (x86)/Intel/Intel(R) Management Engine Components/IPT:/mnt/c/Program Files/Intel/Intel(R) Management Engine Components/IPT:/mnt/c/Program Files/PostgreSQL/11/bin:/mnt/d/web/php-7.3.4-nts-Win32-VC15-x64:/mnt/c/Users/rhkdg/AppData/Roaming/nvm:/mnt/c/Program Files/nodejs:/mnt/c/Program Files/Java/jdk-10.0.2/bin:/mnt/c/Users/rhkdg/AppData/Local/Microsoft/WindowsApps:/mnt/d/web/php-7.3.4-nts-Win32-VC15-x64/php:/mnt/c/xampp/mysql/bin:/mnt/c/Users/rhkdg/AppData/Local/Programs/Microsoft VS Code/bin:/mnt/c/Users/rhkdg/AppData/Roaming/npm:/mnt/c/Users/rhkdg/AppData/Local/Yarn/bin:/mnt/c/Users/rhkdg/AppData/Roaming/Composer/vendor/bin:/mnt/c/Users/rhkdg/AppData/Roaming/nvm:/mnt/c/Program Files/nodejs:/mnt/c/Program Files/heroku/bin:/snap/bin

Yarn version: 
  1.12.3

Node version: 
  10.15.0

Platform: 
  linux x64

Trace: 
  Error: https://registry.yarnpkg.com/ts-ndoe: Not found
      at Request.params.callback [as _callback] (/usr/lib/node_modules/yarn/lib/cli.js:65894:18)
      at Request.self.callback (/usr/lib/node_modules/yarn/lib/cli.js:129018:22)
      at Request.emit (events.js:182:13)
      at Request.<anonymous> (/usr/lib/node_modules/yarn/lib/cli.js:129990:10)
      at Request.emit (events.js:182:13)
      at IncomingMessage.<anonymous> (/usr/lib/node_modules/yarn/lib/cli.js:129912:12)
      at Object.onceWrapper (events.js:273:13)
      at IncomingMessage.emit (events.js:187:15)
      at endReadableNT (_stream_readable.js:1094:12)
      at process._tickCallback (internal/process/next_tick.js:63:19)

npm manifest: 
  {
    "name": "pilllink_server",
    "version": "1.0.0",
    "description": "PillLink Server",
    "main": "index.js",
    "repository": "https://github.com/rhkdgns95/pilllink_server",
    "author": "KKH",
    "license": "MIT"
  }

yarn manifest: 
  No manifest

Lockfile: 
  No lockfile
